build/app/outputs/mapping/release/mapping.txt
# compiler: R8
# compiler_version: 1.5.64
# min_api: 21
# pg_map_id: 5d6192c
...
com.google.firebase.firestore.local.QueryResult -> com.google.firebase.firestore.q0.m0:
    com.google.firebase.database.collection.ImmutableSortedMap documents -> a
    com.google.firebase.database.collection.ImmutableSortedSet remoteKeys -> b
    com.google.firebase.database.collection.ImmutableSortedMap getDocuments() -> a
    com.google.firebase.database.collection.ImmutableSortedSet getRemoteKeys() -> b
com.google.firebase.firestore.local.ReferenceDelegate -> com.google.firebase.firestore.q0.n0:
    void onTransactionCommitted() -> a
    void removeTarget(com.google.firebase.firestore.local.TargetData) -> a
    void setInMemoryPins(com.google.firebase.firestore.local.ReferenceSet) -> a
    void updateLimboDocument(com.google.firebase.firestore.model.DocumentKey) -> a
    void onTransactionStarted() -> b
    void removeMutationReference(com.google.firebase.firestore.model.DocumentKey) -> b
    void addReference(com.google.firebase.firestore.model.DocumentKey) -> c
    long getCurrentSequenceNumber() -> c
    void removeReference(com.google.firebase.firestore.model.DocumentKey) -> d
com.google.firebase.firestore.local.ReferenceSet -> com.google.firebase.firestore.q0.o0:
    com.google.firebase.database.collection.ImmutableSortedSet referencesByKey -> a
    com.google.firebase.database.collection.ImmutableSortedSet referencesByTarget -> b
    void addReference(com.google.firebase.firestore.model.DocumentKey,int) -> a
    void addReferences(com.google.firebase.database.collection.ImmutableSortedSet,int) -> a
    boolean containsKey(com.google.firebase.firestore.model.DocumentKey) -> a
    com.google.firebase.database.collection.ImmutableSortedSet referencesForId(int) -> a
    void removeReference(com.google.firebase.firestore.local.DocumentReference) -> a
    void removeReference(com.google.firebase.firestore.model.DocumentKey,int) -> b
    void removeReferences(com.google.firebase.database.collection.ImmutableSortedSet,int) -> b
    com.google.firebase.database.collection.ImmutableSortedSet removeReferencesForId(int) -> b
com.google.firebase.firestore.local.RemoteDocumentCache -> com.google.firebase.firestore.q0.p0:
    void add(com.google.firebase.firestore.model.MaybeDocument,com.google.firebase.firestore.model.SnapshotVersion) -> a
    com.google.firebase.firestore.model.MaybeDocument get(com.google.firebase.firestore.model.DocumentKey) -> a
    java.util.Map getAll(java.lang.Iterable) -> a
    com.google.firebase.database.collection.ImmutableSortedMap getAllDocumentsMatchingQuery(com.google.firebase.firestore.core.Query,com.google.firebase.firestore.model.SnapshotVersion) -> a
    void remove(com.google.firebase.firestore.model.DocumentKey) -> b
com.google.firebase.firestore.local.SQLiteIndexManager -> com.google.firebase.firestore.q0.r0:
    com.google.firebase.firestore.local.MemoryIndexManager$MemoryCollectionParentIndex collectionParentsCache -> a
    com.google.firebase.firestore.local.SQLitePersistence db -> b
    void addToCollectionParentIndex(com.google.firebase.firestore.model.ResourcePath) -> a
    java.util.List getCollectionParents(java.lang.String) -> a
    void lambda$getCollectionParents$0(java.util.ArrayList,android.database.Cursor) -> a
com.google.firebase.firestore.local.SQLiteIndexManager$$Lambda$1 -> com.google.firebase.firestore.q0.q0:
    java.util.ArrayList arg$1 -> a
    void accept(java.lang.Object) -> a
    com.google.firebase.firestore.util.Consumer lambdaFactory$(java.util.ArrayList) -> a